<?xml version="1.0" encoding="UTF-8"?>
<testng-results skipped="0" failed="0" total="2" passed="2">
  <reporter-output>
  </reporter-output>
  <suite name="Default suite" duration-ms="15619" started-at="2020-01-05T12:21:37Z" finished-at="2020-01-05T12:21:53Z">
    <groups>
    </groups>
    <test name="Default test" duration-ms="15619" started-at="2020-01-05T12:21:37Z" finished-at="2020-01-05T12:21:53Z">
      <class name="com.ProQuest.selenium.Test.ProQuestCodeTest">
        <test-method status="PASS" signature="setUp()[pri:0, instance:com.ProQuest.selenium.Test.ProQuestCodeTest@1ae369b7]" name="setUp" is-config="true" duration-ms="4934" started-at="2020-01-05T12:21:37Z" finished-at="2020-01-05T12:21:42Z">
          <reporter-output>
          </reporter-output>
        </test-method> <!-- setUp -->
        <test-method status="PASS" signature="googlesearchProquestTest()[pri:0, instance:com.ProQuest.selenium.Test.ProQuestCodeTest@1ae369b7]" name="googlesearchProquestTest" duration-ms="3921" started-at="2020-01-05T12:21:42Z" finished-at="2020-01-05T12:21:46Z">
          <reporter-output>
          </reporter-output>
        </test-method> <!-- googlesearchProquestTest -->
        <test-method status="PASS" signature="topNavSearch()[pri:0, instance:com.ProQuest.selenium.Test.ProQuestCodeTest@1ae369b7]" name="topNavSearch" duration-ms="5681" started-at="2020-01-05T12:21:46Z" finished-at="2020-01-05T12:21:52Z">
          <reporter-output>
          </reporter-output>
        </test-method> <!-- topNavSearch -->
        <test-method status="PASS" signature="tearDown()[pri:0, instance:com.ProQuest.selenium.Test.ProQuestCodeTest@1ae369b7]" name="tearDown" is-config="true" duration-ms="1065" started-at="2020-01-05T12:21:52Z" finished-at="2020-01-05T12:21:53Z">
          <reporter-output>
          </reporter-output>
        </test-method> <!-- tearDown -->
      </class> <!-- com.ProQuest.selenium.Test.ProQuestCodeTest -->
    </test> <!-- Default test -->
  </suite> <!-- Default suite -->
</testng-results>
