<?xml version="1.0" encoding="UTF-8"?>
<testng-results skipped="0" failed="0" total="2" passed="2">
  <reporter-output>
  </reporter-output>
  <suite name="Suite" duration-ms="19438" started-at="2020-01-05T20:21:06Z" finished-at="2020-01-05T20:21:25Z">
    <groups>
    </groups>
    <test name="Test" duration-ms="19438" started-at="2020-01-05T20:21:06Z" finished-at="2020-01-05T20:21:25Z">
      <class name="com.ProQuest.selenium.Test.ProQuestCodeTest">
        <test-method status="PASS" signature="setUp()[pri:0, instance:com.ProQuest.selenium.Test.ProQuestCodeTest@2aafb23c]" name="setUp" is-config="true" duration-ms="3993" started-at="2020-01-05T20:21:06Z" finished-at="2020-01-05T20:21:10Z">
          <reporter-output>
          </reporter-output>
        </test-method> <!-- setUp -->
        <test-method status="PASS" signature="setUp()[pri:0, instance:com.ProQuest.selenium.Test.ProQuestCodeTest@2aafb23c]" name="setUp" is-config="true" duration-ms="3259" started-at="2020-01-05T20:21:10Z" finished-at="2020-01-05T20:21:13Z">
          <reporter-output>
          </reporter-output>
        </test-method> <!-- setUp -->
        <test-method status="PASS" signature="googlesearchProquestTest()[pri:0, instance:com.ProQuest.selenium.Test.ProQuestCodeTest@2aafb23c]" name="googlesearchProquestTest" duration-ms="2213" started-at="2020-01-05T20:21:13Z" finished-at="2020-01-05T20:21:15Z">
          <reporter-output>
          </reporter-output>
        </test-method> <!-- googlesearchProquestTest -->
        <test-method status="PASS" signature="tearDown()[pri:0, instance:com.ProQuest.selenium.Test.ProQuestCodeTest@2aafb23c]" name="tearDown" is-config="true" duration-ms="630" started-at="2020-01-05T20:21:15Z" finished-at="2020-01-05T20:21:16Z">
          <reporter-output>
          </reporter-output>
        </test-method> <!-- tearDown -->
        <test-method status="PASS" signature="setUp()[pri:0, instance:com.ProQuest.selenium.Test.ProQuestCodeTest@2aafb23c]" name="setUp" is-config="true" duration-ms="3318" started-at="2020-01-05T20:21:16Z" finished-at="2020-01-05T20:21:19Z">
          <reporter-output>
          </reporter-output>
        </test-method> <!-- setUp -->
        <test-method status="PASS" signature="topNavSearch()[pri:0, instance:com.ProQuest.selenium.Test.ProQuestCodeTest@2aafb23c]" name="topNavSearch" duration-ms="4772" started-at="2020-01-05T20:21:19Z" finished-at="2020-01-05T20:21:24Z">
          <reporter-output>
          </reporter-output>
        </test-method> <!-- topNavSearch -->
        <test-method status="PASS" signature="tearDown()[pri:0, instance:com.ProQuest.selenium.Test.ProQuestCodeTest@2aafb23c]" name="tearDown" is-config="true" duration-ms="1239" started-at="2020-01-05T20:21:24Z" finished-at="2020-01-05T20:21:25Z">
          <reporter-output>
          </reporter-output>
        </test-method> <!-- tearDown -->
        <test-method status="PASS" signature="tearDown()[pri:0, instance:com.ProQuest.selenium.Test.ProQuestCodeTest@2aafb23c]" name="tearDown" is-config="true" duration-ms="1" started-at="2020-01-05T20:21:25Z" finished-at="2020-01-05T20:21:25Z">
          <reporter-output>
          </reporter-output>
        </test-method> <!-- tearDown -->
      </class> <!-- com.ProQuest.selenium.Test.ProQuestCodeTest -->
    </test> <!-- Test -->
  </suite> <!-- Suite -->
</testng-results>
